<?xml version="1.0" encoding="UTF-8"?>
<!-- Generated by org.testng.reporters.JUnitXMLReporter -->
<testsuite hostname="HCL" ignored="1" name="Test One" tests="3" failures="0" timestamp="15 Mar 2019 07:35:00 GMT" time="0.239" errors="0">
  <testcase name="hardAssert" time="0.04" classname="testCases.loginTestCases.Login"/>
  <testcase name="hardAssert" time="0.005" classname="testCases.loginTestCases.Login"/>
  <testcase name="hardAssert" time="0.007" classname="testCases.loginTestCases.Login"/>
  <testcase name="softAssert" time="0.0" classname="testCases.loginTestCases.Login">
    <ignored/>
  </testcase> <!-- softAssert -->
</testsuite> <!-- Test One -->
