<?xml version="1.0" encoding="UTF-8"?>
<testng-results skipped="0" failed="1" ignored="0" total="5" passed="4">
  <reporter-output>
  </reporter-output>
  <suite name="Sanity Test" duration-ms="17807" started-at="2019-06-25T16:16:18Z" finished-at="2019-06-25T16:16:36Z">
    <groups>
      <group name="assert">
        <method signature="Login.hardAssert(java.lang.String, java.lang.String)[pri:0, instance:testCases.loginTestCases.Login@1686d1f]" name="hardAssert" class="testCases.loginTestCases.Login"/>
        <method signature="Login.softAssert(java.lang.String, java.lang.String)[pri:0, instance:testCases.loginTestCases.Login@1686d1f]" name="softAssert" class="testCases.loginTestCases.Login"/>
      </group> <!-- assert -->
    </groups>
    <test name="Test Two" duration-ms="17807" started-at="2019-06-25T16:16:18Z" finished-at="2019-06-25T16:16:36Z">
      <class name="testCases.loginTestCases.Login">
        <test-method status="PASS" signature="launchBrowser()[pri:0, instance:testCases.loginTestCases.Login@1686d1f]" name="launchBrowser" is-config="true" duration-ms="16786" started-at="2019-06-25T21:46:18Z" finished-at="2019-06-25T21:46:35Z">
          <reporter-output>
          </reporter-output>
        </test-method> <!-- launchBrowser -->
        <test-method status="PASS" signature="hardAssert(java.lang.String, java.lang.String)[pri:0, instance:testCases.loginTestCases.Login@1686d1f]" name="hardAssert" duration-ms="23" started-at="2019-06-25T21:46:35Z" data-provider="testData" finished-at="2019-06-25T21:46:35Z">
          <params>
            <param index="0">
              <value>
                <![CDATA[Swami]]>
              </value>
            </param>
            <param index="1">
              <value>
                <![CDATA[Om]]>
              </value>
            </param>
          </params>
          <reporter-output>
          </reporter-output>
        </test-method> <!-- hardAssert -->
        <test-method status="PASS" signature="hardAssert(java.lang.String, java.lang.String)[pri:0, instance:testCases.loginTestCases.Login@1686d1f]" name="hardAssert" duration-ms="7" started-at="2019-06-25T21:46:35Z" data-provider="testData" finished-at="2019-06-25T21:46:35Z">
          <params>
            <param index="0">
              <value>
                <![CDATA[Swamii]]>
              </value>
            </param>
            <param index="1">
              <value>
                <![CDATA[Om]]>
              </value>
            </param>
          </params>
          <reporter-output>
          </reporter-output>
        </test-method> <!-- hardAssert -->
        <test-method status="PASS" signature="hardAssert(java.lang.String, java.lang.String)[pri:0, instance:testCases.loginTestCases.Login@1686d1f]" name="hardAssert" duration-ms="4" started-at="2019-06-25T21:46:35Z" data-provider="testData" finished-at="2019-06-25T21:46:35Z">
          <params>
            <param index="0">
              <value is-null="true"/>
            </param>
            <param index="1">
              <value is-null="true"/>
            </param>
          </params>
          <reporter-output>
          </reporter-output>
        </test-method> <!-- hardAssert -->
        <test-method status="FAIL" signature="loginToFlipkart()[pri:0, instance:testCases.loginTestCases.Login@1686d1f]" name="loginToFlipkart" duration-ms="781" started-at="2019-06-25T21:46:35Z" finished-at="2019-06-25T21:46:36Z">
          <exception class="org.openqa.selenium.WebDriverException">
            <message>
              <![CDATA[unknown error: Element <a href="/account/login?ret=/">...</a> is not clickable at point (655, 28). Other element would receive the click: <div class="_2ISNhP _3AOFWO" tabindex="-1">...</div>  (Session info: chrome=75.0.3770.100)  (Driver info: chromedriver=2.40.565498 (ea082db3280dd6843ebfb08a625e3eb905c4f5ab),platform=Windows NT 6.1.7601 SP1 x86_64) (WARNING: The server did not provide any stacktrace information)Command duration or timeout: 0 millisecondsBuild info: version: '3.14.0', revision: 'aacccce0', time: '2018-08-02T20:19:58.91Z'System info: host: 'HCL', ip: '192.168.0.106', os.name: 'Windows 7', os.arch: 'x86', os.version: '6.1', java.version: '1.8.0_191'Driver info: org.openqa.selenium.chrome.ChromeDriverCapabilities {acceptInsecureCerts: false, acceptSslCerts: false, applicationCacheEnabled: false, browserConnectionEnabled: false, browserName: chrome, chrome: {chromedriverVersion: 2.40.565498 (ea082db3280dd6..., userDataDir: C:\Users\Malhar\AppData\Loc...}, cssSelectorsEnabled: true, databaseEnabled: false, handlesAlerts: true, hasTouchScreen: false, javascriptEnabled: true, locationContextEnabled: true, mobileEmulationEnabled: false, nativeEvents: true, networkConnectionEnabled: false, pageLoadStrategy: normal, platform: XP, platformName: XP, rotatable: false, setWindowRect: true, takesHeapSnapshot: true, takesScreenshot: true, unexpectedAlertBehaviour: , unhandledPromptBehavior: , version: 75.0.3770.100, webStorageEnabled: true}Session ID: c3523e7d5eb52f9989d840fc83b752d8]]>
            </message>
            <full-stacktrace>
              <![CDATA[org.openqa.selenium.WebDriverException: unknown error: Element <a href="/account/login?ret=/">...</a> is not clickable at point (655, 28). Other element would receive the click: <div class="_2ISNhP _3AOFWO" tabindex="-1">...</div>  (Session info: chrome=75.0.3770.100)  (Driver info: chromedriver=2.40.565498 (ea082db3280dd6843ebfb08a625e3eb905c4f5ab),platform=Windows NT 6.1.7601 SP1 x86_64) (WARNING: The server did not provide any stacktrace information)Command duration or timeout: 0 millisecondsBuild info: version: '3.14.0', revision: 'aacccce0', time: '2018-08-02T20:19:58.91Z'System info: host: 'HCL', ip: '192.168.0.106', os.name: 'Windows 7', os.arch: 'x86', os.version: '6.1', java.version: '1.8.0_191'Driver info: org.openqa.selenium.chrome.ChromeDriverCapabilities {acceptInsecureCerts: false, acceptSslCerts: false, applicationCacheEnabled: false, browserConnectionEnabled: false, browserName: chrome, chrome: {chromedriverVersion: 2.40.565498 (ea082db3280dd6..., userDataDir: C:\Users\Malhar\AppData\Loc...}, cssSelectorsEnabled: true, databaseEnabled: false, handlesAlerts: true, hasTouchScreen: false, javascriptEnabled: true, locationContextEnabled: true, mobileEmulationEnabled: false, nativeEvents: true, networkConnectionEnabled: false, pageLoadStrategy: normal, platform: XP, platformName: XP, rotatable: false, setWindowRect: true, takesHeapSnapshot: true, takesScreenshot: true, unexpectedAlertBehaviour: , unhandledPromptBehavior: , version: 75.0.3770.100, webStorageEnabled: true}Session ID: c3523e7d5eb52f9989d840fc83b752d8at sun.reflect.NativeConstructorAccessorImpl.newInstance0(Native Method)at sun.reflect.NativeConstructorAccessorImpl.newInstance(Unknown Source)at sun.reflect.DelegatingConstructorAccessorImpl.newInstance(Unknown Source)at java.lang.reflect.Constructor.newInstance(Unknown Source)at org.openqa.selenium.remote.ErrorHandler.createThrowable(ErrorHandler.java:214)at org.openqa.selenium.remote.ErrorHandler.throwIfResponseFailed(ErrorHandler.java:166)at org.openqa.selenium.remote.http.JsonHttpResponseCodec.reconstructValue(JsonHttpResponseCodec.java:40)at org.openqa.selenium.remote.http.AbstractHttpResponseCodec.decode(AbstractHttpResponseCodec.java:80)at org.openqa.selenium.remote.http.AbstractHttpResponseCodec.decode(AbstractHttpResponseCodec.java:44)at org.openqa.selenium.remote.HttpCommandExecutor.execute(HttpCommandExecutor.java:158)at org.openqa.selenium.remote.service.DriverCommandExecutor.execute(DriverCommandExecutor.java:83)at org.openqa.selenium.remote.RemoteWebDriver.execute(RemoteWebDriver.java:548)at org.openqa.selenium.remote.RemoteWebElement.execute(RemoteWebElement.java:276)at org.openqa.selenium.remote.RemoteWebElement.click(RemoteWebElement.java:83)at sun.reflect.NativeMethodAccessorImpl.invoke0(Native Method)at sun.reflect.NativeMethodAccessorImpl.invoke(Unknown Source)at sun.reflect.DelegatingMethodAccessorImpl.invoke(Unknown Source)at java.lang.reflect.Method.invoke(Unknown Source)at org.openqa.selenium.support.pagefactory.internal.LocatingElementHandler.invoke(LocatingElementHandler.java:51)at com.sun.proxy.$Proxy10.click(Unknown Source)at pageObject.HomePage.login(HomePage.java:20)at testCases.loginTestCases.Login.loginToFlipkart(Login.java:31)at sun.reflect.NativeMethodAccessorImpl.invoke0(Native Method)at sun.reflect.NativeMethodAccessorImpl.invoke(Unknown Source)at sun.reflect.DelegatingMethodAccessorImpl.invoke(Unknown Source)at java.lang.reflect.Method.invoke(Unknown Source)at org.testng.internal.MethodInvocationHelper.invokeMethod(MethodInvocationHelper.java:124)at org.testng.internal.Invoker.invokeMethod(Invoker.java:571)at org.testng.internal.Invoker.invokeTestMethod(Invoker.java:707)at org.testng.internal.Invoker.invokeTestMethods(Invoker.java:979)at org.testng.internal.TestMethodWorker.invokeTestMethods(TestMethodWorker.java:125)at org.testng.internal.TestMethodWorker.run(TestMethodWorker.java:109)at org.testng.TestRunner.privateRun(TestRunner.java:648)at org.testng.TestRunner.run(TestRunner.java:505)at org.testng.SuiteRunner.runTest(SuiteRunner.java:455)at org.testng.SuiteRunner.runSequentially(SuiteRunner.java:450)at org.testng.SuiteRunner.privateRun(SuiteRunner.java:415)at org.testng.SuiteRunner.run(SuiteRunner.java:364)at org.testng.SuiteRunnerWorker.runSuite(SuiteRunnerWorker.java:52)at org.testng.SuiteRunnerWorker.run(SuiteRunnerWorker.java:84)at org.testng.TestNG.runSuitesSequentially(TestNG.java:1187)at org.testng.TestNG.runSuitesLocally(TestNG.java:1116)at org.testng.TestNG.runSuites(TestNG.java:1028)at org.testng.TestNG.run(TestNG.java:996)at org.testng.remote.AbstractRemoteTestNG.run(AbstractRemoteTestNG.java:114)at org.testng.remote.RemoteTestNG.initAndRun(RemoteTestNG.java:251)at org.testng.remote.RemoteTestNG.main(RemoteTestNG.java:77)]]>
            </full-stacktrace>
          </exception> <!-- org.openqa.selenium.WebDriverException -->
          <reporter-output>
          </reporter-output>
        </test-method> <!-- loginToFlipkart -->
        <test-method status="PASS" signature="softAssert(java.lang.String, java.lang.String)[pri:0, instance:testCases.loginTestCases.Login@1686d1f]" name="softAssert" duration-ms="3" started-at="2019-06-25T21:46:36Z" finished-at="2019-06-25T21:46:36Z">
          <params>
            <param index="0">
              <value>
                <![CDATA[One]]>
              </value>
            </param>
            <param index="1">
              <value>
                <![CDATA[Two]]>
              </value>
            </param>
          </params>
          <reporter-output>
          </reporter-output>
        </test-method> <!-- softAssert -->
      </class> <!-- testCases.loginTestCases.Login -->
    </test> <!-- Test Two -->
  </suite> <!-- Sanity Test -->
</testng-results>
